<?xml version="1.0" encoding="UTF-8"?>
<!-- Generated by org.testng.reporters.JUnitReportReporter -->
<testsuite hostname="DESKTOP-8RJUM3D" failures="0" tests="1" name="scripts.TC2" time="4.081" errors="0" timestamp="2024-07-04T08:59:08 IST" skipped="0">
  <testcase classname="scripts.TC2" name="test2" time="4.081">
    <system-out>
      <![CDATA[Google]]>
    </system-out>
  </testcase> <!-- test2 -->
  <system-out>
    <![CDATA[Google
Google]]>
  </system-out>
</testsuite> <!-- scripts.TC2 -->
